Arguments: 
  C:\Program Files\nodejs\node.exe C:\Users\Philip Liebel\scoop\apps\yarn\current\Yarn\bin\yarn.js add redux

PATH: 
  C:\ProgramData\DockerDesktop\version-bin;C:\Program Files\Docker\Docker\Resources\bin;C:\Rtools\bin;C:\Program Files (x86)\Common Files\Oracle\Java\javapath;C:\ProgramData\Oracle\Java\javapath;C:\Program Files (x86)\PHP\v7.1;C:\Program Files (x86)\Intel\iCLS Client\;C:\Program Files\Intel\iCLS Client\;C:\Windows\system32;C:\Windows;C:\Windows\System32\Wbem;C:\Windows\System32\WindowsPowerShell\v1.0\;C:\Program Files (x86)\NVIDIA Corporation\PhysX\Common;C:\Program Files (x86)\Intel\Intel(R) Management Engine Components\DAL;C:\Program Files\Intel\Intel(R) Management Engine Components\DAL;C:\Program Files (x86)\Intel\Intel(R) Management Engine Components\IPT;C:\Program Files\Intel\Intel(R) Management Engine Components\IPT;C:\Program Files\Git\cmd;C:\WINDOWS\system32;C:\WINDOWS;C:\WINDOWS\System32\Wbem;C:\WINDOWS\System32\WindowsPowerShell\v1.0\;C:\Program Files\Microsoft\Web Platform Installer\;C:\Users\Philip Liebel\AppData\Local\Microsoft\WindowsApps;C:\Program Files\Docker Toolbox;C:\Users\Philip Liebel\AppData\Roaming\npm;C:\ProgramData\ComposerSetup\bin;C:\WINDOWS\system32;C:\WINDOWS;C:\WINDOWS\System32\Wbem;C:\WINDOWS\System32\WindowsPowerShell\v1.0\;C:\WINDOWS\System32\OpenSSH\;C:\Program Files\CMake\bin;C:\Program Files\nodejs\;C:\Program Files\PuTTY\;C:\Users\Philip Liebel\scoop\apps\python\current\scripts;C:\Users\Philip Liebel\AppData\Local\Programs\Python\Launcher\;C:\Users\Philip Liebel\scoop\apps\yarn\current\Yarn\bin;C:\Users\Philip Liebel\scoop\apps\yarn\current\bin;C:\Users\Philip Liebel\.cargo\bin;C:\Users\Philip Liebel\scoop\apps\nmap\current\bin;C:\Users\Philip Liebel\scoop\shims;C:\Users\Philip Liebel\AppData\Local\Microsoft\WindowsApps;C:\Users\Philip Liebel\AppData\Roaming\Composer\vendor\bin;C:\Program Files\PHP\v7.2.2;C:\Users\Philip Liebel\AppData\Local\atom\bin;C:\Users\Philip Liebel\AppData\Local\Programs\Fiddler;C:\Program Files\WhoIs;C:\Users\Philip Liebel\AppData\Local\Microsoft\WindowsApps;C:\Program Files\ddev;C:\ProgramData\Anaconda3\Scripts;C:\Users\Philip Liebel\AppData\Roaming\npm

Yarn version: 
  1.12.3

Node version: 
  11.1.0

Platform: 
  win32 x64

Trace: 
  SyntaxError: D:\projects\reduxt-demo\package.json: Unexpected token } in JSON at position 272
      at JSON.parse (<anonymous>)
      at C:\Users\Philip Liebel\scoop\apps\yarn\1.12.3\Yarn\lib\cli.js:1631:59
      at Generator.next (<anonymous>)
      at step (C:\Users\Philip Liebel\scoop\apps\yarn\1.12.3\Yarn\lib\cli.js:304:30)
      at C:\Users\Philip Liebel\scoop\apps\yarn\1.12.3\Yarn\lib\cli.js:315:13

npm manifest: 
  {
    "name": "babel-demo",
    "version": "0.0.0",
    "private": true,
    "license": "MIT",
    "scripts": {
      "build": "webpack  --mode=production",
      "watch": "webpack --progress --watch  --mode=development",
      "start": "webpack-dev-server --open  --mode=development",
    },
    "devDependencies": {
      "@babel/core": "^7.2.0",
      "@babel/preset-env": "^7.2.0",
      "autoprefixer": "^9.4.2",
      "babel-loader": "^8.0.4",
      "clean-webpack-plugin": "^0.1.19",
      "compression-webpack-plugin": "^2.0.0",
      "css-loader": "^1.0.1",
      "file-loader": "^2.0.0",
      "html-srcsets-loader": "^0.5.1",
      "html-webpack-plugin": "^3.2.0",
      "mini-css-extract-plugin": "^0.4.5",
      "node-glob": "^1.2.0",
      "node-sass": "^4.10.0",
      "optimize-css-assets-webpack-plugin": "^5.0.1",
      "postcss-loader": "^3.0.0",
      "precss": "^4.0.0",
      "sass-loader": "^7.1.0",
      "style-loader": "^0.23.1",
      "uglifyjs-webpack-plugin": "^2.0.1",
      "webpack": "^4.27.0",
      "webpack-cli": "^3.1.2",
      "webpack-dev-server": "^3.1.10"
    },
    "dependencies": {
      "@babel/polyfill": "^7.4.4",
      "bootstrap": "^4.1.3",
      "jquery": "^3.3.1",
      "popper.js": "^1.14.6"
    }
  }

yarn manifest: 
  No manifest

Lockfile: 
  No lockfile
